<?xml version="1.0" encoding="UTF-8"?>
<!-- Generated by org.testng.reporters.JUnitReportReporter -->
<testsuite hostname="aditya" failures="0" tests="1" name="tests.Test3" time="22.002" errors="0" timestamp="2023-12-25T16:29:11 IST" skipped="0">
  <testcase classname="tests.Test3" name="test2" time="22.002"/>
</testsuite> <!-- tests.Test3 -->
