<?xml version="1.0" encoding="UTF-8"?>
<!-- Generated by org.testng.reporters.JUnitReportReporter -->
<testsuite hostname="aditya" failures="0" tests="2" name="tests.LoginTest" time="35.257" errors="0" timestamp="2023-12-23T17:41:59 IST" skipped="0">
  <testcase classname="tests.LoginTest" name="login" time="10.620"/>
  <testcase classname="tests.LoginTest" name="login" time="24.637"/>
</testsuite> <!-- tests.LoginTest -->
