<?xml version="1.0" encoding="UTF-8"?>
<!-- Generated by org.testng.reporters.JUnitReportReporter -->
<testsuite hostname="aditya" failures="0" tests="2" name="tests.LoginTest" time="31.351" errors="0" timestamp="2023-12-17T20:27:11 IST" skipped="0">
  <testcase classname="tests.LoginTest" name="login" time="21.480"/>
  <testcase classname="tests.LoginTest" name="login" time="9.871"/>
</testsuite> <!-- tests.LoginTest -->
