<?xml version="1.0" encoding="UTF-8"?>
<!-- Generated by org.testng.reporters.JUnitReportReporter -->
<testsuite hostname="aditya" failures="0" tests="2" name="tests.LoginTest" time="90.539" errors="0" timestamp="2023-12-24T19:04:01 IST" skipped="0">
  <testcase classname="tests.LoginTest" name="login" time="53.080"/>
  <testcase classname="tests.LoginTest" name="login" time="37.459"/>
</testsuite> <!-- tests.LoginTest -->
