<?xml version="1.0" encoding="UTF-8"?>
<!-- Generated by org.testng.reporters.JUnitReportReporter -->
<testsuite hostname="aditya" failures="0" tests="1" name="runner.Runner" time="13.474" errors="0" timestamp="2023-12-29T19:06:49 IST" skipped="0">
  <testcase classname="runner.Runner" name="runScenario" time="13.474"/>
</testsuite> <!-- runner.Runner -->
