<?xml version="1.0" encoding="UTF-8"?>
<!-- Generated by org.testng.reporters.JUnitReportReporter -->
<testsuite hostname="aditya" failures="0" tests="1" name="tests.Test2" time="20.427" errors="0" timestamp="2023-12-24T19:04:01 IST" skipped="0">
  <testcase classname="tests.Test2" name="test2" time="20.427"/>
</testsuite> <!-- tests.Test2 -->
